


ARM Macro Assembler    Page 1 


    1 00000000         ; ******************************************************
                       ************************
    2 00000000         ; File:      startup.s
    3 00000000         ; Brief:     Startup file for TM4C123GH6PM
    4 00000000         ; Author:   Krzysztof Koch
    5 00000000         ; Version:  V1.00
    6 00000000         ; Date created: 26/09/2016
    7 00000000         ; Last mod:  26/09/2016
    8 00000000         ;
    9 00000000         ; Note:   Startup code containing stack and heap definit
                       ions as well as 
   10 00000000         ;    exception vectors
   11 00000000         ; ******************************************************
                       ************************
   12 00000000         
   13 00000000         
   14 00000000         ;-------------------------------------------------------
                       ------------------------
   15 00000000         ; Stack Configuration
   16 00000000         ;-------------------------------------------------------
                       ------------------------
   17 00000000 00000200 
                       Stack_Size
                               EQU              0x00000200  ; Stack size in byt
                                                            es
   18 00000000         
   19 00000000         ; Stack memory area - RAM, uninitialised with 8-byte ali
                       gnment (requirement of AAPCS)
   20 00000000                 AREA             STACK, NOINIT, READWRITE, ALIGN
=3
   21 00000000         Stack_Mem
                               SPACE            Stack_Size
   22 00000200         __initial_sp
   23 00000200         
   24 00000200         
   25 00000200         
   26 00000200         ;-------------------------------------------------------
                       ------------------------
   27 00000200         ; Heap Configuration
   28 00000200         ;-------------------------------------------------------
                       ------------------------
   29 00000200 00000200 
                       Heap_Size
                               EQU              0x00000200  ; Heap size in byte
                                                            s
   30 00000200         
   31 00000200         ; Heap memory area - RAM, uninitialised with 2-word alig
                       nment
   32 00000200                 AREA             HEAP, NOINIT, READWRITE, ALIGN=
3
   33 00000000         __heap_base
   34 00000000         Heap_Mem
                               SPACE            Heap_Size
   35 00000200         __heap_limit
   36 00000200         
   37 00000200         
   38 00000200         
   39 00000200         ;-------------------------------------------------------
                       ------------------------



ARM Macro Assembler    Page 2 


   40 00000200         ; Vector Table Mapped to Address 0 at Reset
   41 00000200         ;-------------------------------------------------------
                       ------------------------
   42 00000200         
   43 00000200                 PRESERVE8                    ; Preserve eight-by
                                                            te alignment of the
                                                             stack
   44 00000200                 THUMB                        ; Use Thumb instruc
                                                            tion set
   45 00000200                 AREA             RESET, DATA, READONLY ; Data to
                                                             be placed in ROM a
                                                            t address 0x0 
   46 00000000         
   47 00000000         
   48 00000000                 EXPORT           __Vectors
   49 00000000 00000000 
                       __Vectors
                               DCD              __initial_sp ; Top of Stack
   50 00000004 00000000        DCD              Reset_Handler ; Reset Handler
   51 00000008 00000000        DCD              NMI_Handler ; NMI Handler
   52 0000000C 00000000        DCD              HardFault_Handler ; Hard Fault 
                                                            Handler
   53 00000010 00000000        DCD              MemManage_Handler 
                                                            ; MPU Fault Handler
                                                            
   54 00000014 00000000        DCD              BusFault_Handler 
                                                            ; Bus Fault Handler
                                                            
   55 00000018 00000000        DCD              UsageFault_Handler ; Usage Faul
                                                            t Handler
   56 0000001C 00000000        DCD              0           ; Reserved
   57 00000020 00000000        DCD              0           ; Reserved
   58 00000024 00000000        DCD              0           ; Reserved
   59 00000028 00000000        DCD              0           ; Reserved
   60 0000002C 00000000        DCD              SVC_Handler ; SVCall Handler
   61 00000030 00000000        DCD              DebugMon_Handler ; Debug Monito
                                                            r Handler
   62 00000034 00000000        DCD              0           ; Reserved
   63 00000038 00000000        DCD              PendSV_Handler ; PendSV Handler
                                                            
   64 0000003C 00000000        DCD              SysTick_Handler 
                                                            ; SysTick Handler
   65 00000040         
   66 00000040         ; External Interrupts
   67 00000040 00000000        DCD              GPIOA_Handler 
                                                            ;   0: GPIO Port A
   68 00000044 00000000        DCD              GPIOB_Handler 
                                                            ;   1: GPIO Port B
   69 00000048 00000000        DCD              GPIOC_Handler 
                                                            ;   2: GPIO Port C
   70 0000004C 00000000        DCD              GPIOD_Handler 
                                                            ;   3: GPIO Port D
   71 00000050 00000000        DCD              GPIOE_Handler 
                                                            ;   4: GPIO Port E
   72 00000054 00000000        DCD              UART0_Handler ;   5: UART0 Rx a
                                                            nd Tx
   73 00000058 00000000        DCD              UART1_Handler ;   6: UART1 Rx a
                                                            nd Tx
   74 0000005C 00000000        DCD              SSI0_Handler ;   7: SSI0 Rx and



ARM Macro Assembler    Page 3 


                                                             Tx
   75 00000060 00000000        DCD              I2C0_Handler ;   8: I2C0 Master
                                                             and Slave
   76 00000064 00000000        DCD              PMW0_FAULT_Handler 
                                                            ;   9: PWM Fault
   77 00000068 00000000        DCD              PWM0_0_Handler ;  10: PWM Gener
                                                            ator 0
   78 0000006C 00000000        DCD              PWM0_1_Handler ;  11: PWM Gener
                                                            ator 1
   79 00000070 00000000        DCD              PWM0_2_Handler ;  12: PWM Gener
                                                            ator 2
   80 00000074 00000000        DCD              QEI0_Handler ;  13: Quadrature 
                                                            Encoder 0
   81 00000078 00000000        DCD              ADC0SS0_Handler ;  14: ADC Sequ
                                                            ence 0
   82 0000007C 00000000        DCD              ADC0SS1_Handler ;  15: ADC Sequ
                                                            ence 1
   83 00000080 00000000        DCD              ADC0SS2_Handler ;  16: ADC Sequ
                                                            ence 2
   84 00000084 00000000        DCD              ADC0SS3_Handler ;  17: ADC Sequ
                                                            ence 3
   85 00000088 00000000        DCD              WDT0_Handler ;  18: Watchdog ti
                                                            mer
   86 0000008C 00000000        DCD              TIMER0A_Handler ;  19: Timer 0 
                                                            subtimer A
   87 00000090 00000000        DCD              TIMER0B_Handler ;  20: Timer 0 
                                                            subtimer B
   88 00000094 00000000        DCD              TIMER1A_Handler ;  21: Timer 1 
                                                            subtimer A
   89 00000098 00000000        DCD              TIMER1B_Handler ;  22: Timer 1 
                                                            subtimer B
   90 0000009C 00000000        DCD              TIMER2A_Handler ;  23: Timer 2 
                                                            subtimer A
   91 000000A0 00000000        DCD              TIMER2B_Handler ;  24: Timer 2 
                                                            subtimer B
   92 000000A4 00000000        DCD              COMP0_Handler ;  25: Analog Com
                                                            parator 0
   93 000000A8 00000000        DCD              COMP1_Handler ;  26: Analog Com
                                                            parator 1
   94 000000AC 00000000        DCD              COMP2_Handler ;  27: Analog Com
                                                            parator 2
   95 000000B0 00000000        DCD              SYSCTL_Handler ;  28: System Co
                                                            ntrol (PLL, OSC, BO
                                                            )
   96 000000B4 00000000        DCD              FLASH_Handler ;  29: FLASH Cont
                                                            rol
   97 000000B8 00000000        DCD              GPIOF_Handler 
                                                            ;  30: GPIO Port F
   98 000000BC 00000000        DCD              GPIOG_Handler 
                                                            ;  31: GPIO Port G
   99 000000C0 00000000        DCD              GPIOH_Handler 
                                                            ;  32: GPIO Port H
  100 000000C4 00000000        DCD              UART2_Handler ;  33: UART2 Rx a
                                                            nd Tx
  101 000000C8 00000000        DCD              SSI1_Handler ;  34: SSI1 Rx and
                                                             Tx
  102 000000CC 00000000        DCD              TIMER3A_Handler ;  35: Timer 3 
                                                            subtimer A
  103 000000D0 00000000        DCD              TIMER3B_Handler ;  36: Timer 3 



ARM Macro Assembler    Page 4 


                                                            subtimer B
  104 000000D4 00000000        DCD              I2C1_Handler ;  37: I2C1 Master
                                                             and Slave
  105 000000D8 00000000        DCD              QEI1_Handler ;  38: Quadrature 
                                                            Encoder 1
  106 000000DC 00000000        DCD              CAN0_Handler ;  39: CAN0
  107 000000E0 00000000        DCD              CAN1_Handler ;  40: CAN1
  108 000000E4 00000000        DCD              CAN2_Handler ;  41: CAN2
  109 000000E8 00000000        DCD              0           ;  42: Reserved
  110 000000EC 00000000        DCD              HIB_Handler ;  43: Hibernate
  111 000000F0 00000000        DCD              USB0_Handler ;  44: USB0
  112 000000F4 00000000        DCD              PWM0_3_Handler ;  45: PWM Gener
                                                            ator 3
  113 000000F8 00000000        DCD              UDMA_Handler ;  46: uDMA Softwa
                                                            re Transfer
  114 000000FC 00000000        DCD              UDMAERR_Handler 
                                                            ;  47: uDMA Error
  115 00000100 00000000        DCD              ADC1SS0_Handler ;  48: ADC1 Seq
                                                            uence 0
  116 00000104 00000000        DCD              ADC1SS1_Handler ;  49: ADC1 Seq
                                                            uence 1
  117 00000108 00000000        DCD              ADC1SS2_Handler ;  50: ADC1 Seq
                                                            uence 2
  118 0000010C 00000000        DCD              ADC1SS3_Handler ;  51: ADC1 Seq
                                                            uence 3
  119 00000110 00000000        DCD              0           ;  52: Reserved
  120 00000114 00000000        DCD              0           ;  53: Reserved
  121 00000118 00000000        DCD              GPIOJ_Handler 
                                                            ;  54: GPIO Port J
  122 0000011C 00000000        DCD              GPIOK_Handler 
                                                            ;  55: GPIO Port K
  123 00000120 00000000        DCD              GPIOL_Handler 
                                                            ;  56: GPIO Port L
  124 00000124 00000000        DCD              SSI2_Handler ;  57: SSI2 Rx and
                                                             Tx
  125 00000128 00000000        DCD              SSI3_Handler ;  58: SSI3 Rx and
                                                             Tx
  126 0000012C 00000000        DCD              UART3_Handler ;  59: UART3 Rx a
                                                            nd Tx
  127 00000130 00000000        DCD              UART4_Handler ;  60: UART4 Rx a
                                                            nd Tx
  128 00000134 00000000        DCD              UART5_Handler ;  61: UART5 Rx a
                                                            nd Tx
  129 00000138 00000000        DCD              UART6_Handler ;  62: UART6 Rx a
                                                            nd Tx
  130 0000013C 00000000        DCD              UART7_Handler ;  63: UART7 Rx a
                                                            nd Tx
  131 00000140 00000000        DCD              0           ;  64: Reserved
  132 00000144 00000000        DCD              0           ;  65: Reserved
  133 00000148 00000000        DCD              0           ;  66: Reserved
  134 0000014C 00000000        DCD              0           ;  67: Reserved
  135 00000150 00000000        DCD              I2C2_Handler ;  68: I2C2 Master
                                                             and Slave
  136 00000154 00000000        DCD              I2C3_Handler ;  69: I2C3 Master
                                                             and Slave
  137 00000158 00000000        DCD              TIMER4A_Handler ;  70: Timer 4 
                                                            subtimer A
  138 0000015C 00000000        DCD              TIMER4B_Handler ;  71: Timer 4 
                                                            subtimer B



ARM Macro Assembler    Page 5 


  139 00000160 00000000        DCD              0           ;  72: Reserved
  140 00000164 00000000        DCD              0           ;  73: Reserved
  141 00000168 00000000        DCD              0           ;  74: Reserved
  142 0000016C 00000000        DCD              0           ;  75: Reserved
  143 00000170 00000000        DCD              0           ;  76: Reserved
  144 00000174 00000000        DCD              0           ;  77: Reserved
  145 00000178 00000000        DCD              0           ;  78: Reserved
  146 0000017C 00000000        DCD              0           ;  79: Reserved
  147 00000180 00000000        DCD              0           ;  80: Reserved
  148 00000184 00000000        DCD              0           ;  81: Reserved
  149 00000188 00000000        DCD              0           ;  82: Reserved
  150 0000018C 00000000        DCD              0           ;  83: Reserved
  151 00000190 00000000        DCD              0           ;  84: Reserved
  152 00000194 00000000        DCD              0           ;  85: Reserved
  153 00000198 00000000        DCD              0           ;  86: Reserved
  154 0000019C 00000000        DCD              0           ;  87: Reserved
  155 000001A0 00000000        DCD              0           ;  88: Reserved
  156 000001A4 00000000        DCD              0           ;  89: Reserved
  157 000001A8 00000000        DCD              0           ;  90: Reserved
  158 000001AC 00000000        DCD              0           ;  91: Reserved
  159 000001B0 00000000        DCD              TIMER5A_Handler ;  92: Timer 5 
                                                            subtimer A
  160 000001B4 00000000        DCD              TIMER5B_Handler ;  93: Timer 5 
                                                            subtimer B
  161 000001B8 00000000        DCD              WTIMER0A_Handler ;  94: Wide Ti
                                                            mer 0 subtimer A
  162 000001BC 00000000        DCD              WTIMER0B_Handler ;  95: Wide Ti
                                                            mer 0 subtimer B
  163 000001C0 00000000        DCD              WTIMER1A_Handler ;  96: Wide Ti
                                                            mer 1 subtimer A
  164 000001C4 00000000        DCD              WTIMER1B_Handler ;  97: Wide Ti
                                                            mer 1 subtimer B
  165 000001C8 00000000        DCD              WTIMER2A_Handler ;  98: Wide Ti
                                                            mer 2 subtimer A
  166 000001CC 00000000        DCD              WTIMER2B_Handler ;  99: Wide Ti
                                                            mer 2 subtimer B
  167 000001D0 00000000        DCD              WTIMER3A_Handler ; 100: Wide Ti
                                                            mer 3 subtimer A
  168 000001D4 00000000        DCD              WTIMER3B_Handler ; 101: Wide Ti
                                                            mer 3 subtimer B
  169 000001D8 00000000        DCD              WTIMER4A_Handler ; 102: Wide Ti
                                                            mer 4 subtimer A
  170 000001DC 00000000        DCD              WTIMER4B_Handler ; 103: Wide Ti
                                                            mer 4 subtimer B
  171 000001E0 00000000        DCD              WTIMER5A_Handler ; 104: Wide Ti
                                                            mer 5 subtimer A
  172 000001E4 00000000        DCD              WTIMER5B_Handler ; 105: Wide Ti
                                                            mer 5 subtimer B
  173 000001E8 00000000        DCD              FPU_Handler ; 106: FPU
  174 000001EC 00000000        DCD              0           ; 107: Reserved
  175 000001F0 00000000        DCD              0           ; 108: Reserved
  176 000001F4 00000000        DCD              I2C4_Handler ; 109: I2C4 Master
                                                             and Slave
  177 000001F8 00000000        DCD              I2C5_Handler ; 110: I2C5 Master
                                                             and Slave
  178 000001FC 00000000        DCD              GPIOM_Handler 
                                                            ; 111: GPIO Port M
  179 00000200 00000000        DCD              GPION_Handler 
                                                            ; 112: GPIO Port N



ARM Macro Assembler    Page 6 


  180 00000204 00000000        DCD              QEI2_Handler ; 113: Quadrature 
                                                            Encoder 2
  181 00000208 00000000        DCD              0           ; 114: Reserved
  182 0000020C 00000000        DCD              0           ; 115: Reserved
  183 00000210 00000000        DCD              GPIOP0_Handler ; 116: GPIO Port
                                                             P (Summary or P0)
  184 00000214 00000000        DCD              GPIOP1_Handler 
                                                            ; 117: GPIO Port P1
                                                            
  185 00000218 00000000        DCD              GPIOP2_Handler 
                                                            ; 118: GPIO Port P2
                                                            
  186 0000021C 00000000        DCD              GPIOP3_Handler 
                                                            ; 119: GPIO Port P3
                                                            
  187 00000220 00000000        DCD              GPIOP4_Handler 
                                                            ; 120: GPIO Port P4
                                                            
  188 00000224 00000000        DCD              GPIOP5_Handler 
                                                            ; 121: GPIO Port P5
                                                            
  189 00000228 00000000        DCD              GPIOP6_Handler 
                                                            ; 122: GPIO Port P6
                                                            
  190 0000022C 00000000        DCD              GPIOP7_Handler 
                                                            ; 123: GPIO Port P7
                                                            
  191 00000230 00000000        DCD              GPIOQ0_Handler ; 124: GPIO Port
                                                             Q (Summary or Q0)
  192 00000234 00000000        DCD              GPIOQ1_Handler 
                                                            ; 125: GPIO Port Q1
                                                            
  193 00000238 00000000        DCD              GPIOQ2_Handler 
                                                            ; 126: GPIO Port Q2
                                                            
  194 0000023C 00000000        DCD              GPIOQ3_Handler 
                                                            ; 127: GPIO Port Q3
                                                            
  195 00000240 00000000        DCD              GPIOQ4_Handler 
                                                            ; 128: GPIO Port Q4
                                                            
  196 00000244 00000000        DCD              GPIOQ5_Handler 
                                                            ; 129: GPIO Port Q5
                                                            
  197 00000248 00000000        DCD              GPIOQ6_Handler 
                                                            ; 130: GPIO Port Q6
                                                            
  198 0000024C 00000000        DCD              GPIOQ7_Handler 
                                                            ; 131: GPIO Port Q7
                                                            
  199 00000250 00000000        DCD              GPIOR_Handler 
                                                            ; 132: GPIO Port R
  200 00000254 00000000        DCD              GPIOS_Handler 
                                                            ; 133: GPIO Port S
  201 00000258 00000000        DCD              PMW1_0_Handler ; 134: PWM 1 Gen
                                                            erator 0
  202 0000025C 00000000        DCD              PWM1_1_Handler ; 135: PWM 1 Gen
                                                            erator 1
  203 00000260 00000000        DCD              PWM1_2_Handler ; 136: PWM 1 Gen



ARM Macro Assembler    Page 7 


                                                            erator 2
  204 00000264 00000000        DCD              PWM1_3_Handler ; 137: PWM 1 Gen
                                                            erator 3
  205 00000268 00000000        DCD              PWM1_FAULT_Handler 
                                                            ; 138: PWM 1 Fault
  206 0000026C         
  207 0000026C         
  208 0000026C         
  209 0000026C         ;-------------------------------------------------------
                       ------------------------
  210 0000026C         ; Reset Handler
  211 0000026C         ;-------------------------------------------------------
                       ------------------------
  212 0000026C         
  213 0000026C                 AREA             |.text|, CODE, READONLY ; Instr
                                                            uctions to be place
                                                            d in ROM
  214 00000000         
  215 00000000                 EXPORT           Reset_Handler
  216 00000000         Reset_Handler
                               PROC
  217 00000000                 IMPORT           SystemInit
  218 00000000                 IMPORT           main
  219 00000000 483C            LDR              R0, =SystemInit ; Run system in
                                                            itialisation functi
                                                            on
  220 00000002 4780            BLX              R0
  221 00000004 483C            LDR              R0, =main   ; Run the main meth
                                                            od
  222 00000006 4700            BX               R0
  223 00000008                 ENDP
  224 00000008         
  225 00000008         
  226 00000008         ;-------------------------------------------------------
                       ------------------------
  227 00000008         ; Simple exception handlers. WEAK - imported into other 
                       sources if no other  
  228 00000008         ; source exports an alternative
  229 00000008         ;-------------------------------------------------------
                       ------------------------
  230 00000008         NMI_Handler
                               PROC
  231 00000008                 EXPORT           NMI_Handler               [WEAK
]
  232 00000008 E7FE            B                .
  233 0000000A                 ENDP
  235 0000000A         HardFault_Handler
                               PROC
  236 0000000A                 EXPORT           HardFault_Handler         [WEAK
]
  237 0000000A E7FE            B                .
  238 0000000C                 ENDP
  240 0000000C         MemManage_Handler
                               PROC
  241 0000000C                 EXPORT           MemManage_Handler         [WEAK
]
  242 0000000C E7FE            B                .
  243 0000000E                 ENDP
  245 0000000E         BusFault_Handler



ARM Macro Assembler    Page 8 


                               PROC
  246 0000000E                 EXPORT           BusFault_Handler          [WEAK
]
  247 0000000E E7FE            B                .
  248 00000010                 ENDP
  250 00000010         UsageFault_Handler
                               PROC
  251 00000010                 EXPORT           UsageFault_Handler        [WEAK
]
  252 00000010 E7FE            B                .
  253 00000012                 ENDP
  254 00000012         SVC_Handler
                               PROC
  255 00000012                 EXPORT           SVC_Handler               [WEAK
]
  256 00000012 E7FE            B                .
  257 00000014                 ENDP
  259 00000014         DebugMon_Handler
                               PROC
  260 00000014                 EXPORT           DebugMon_Handler          [WEAK
]
  261 00000014 E7FE            B                .
  262 00000016                 ENDP
  264 00000016         PendSV_Handler
                               PROC
  265 00000016                 EXPORT           PendSV_Handler            [WEAK
]
  266 00000016 E7FE            B                .
  267 00000018                 ENDP
  269 00000018         SysTick_Handler
                               PROC
  270 00000018                 EXPORT           SysTick_Handler           [WEAK
]
  271 00000018 E7FE            B                .
  272 0000001A                 ENDP
  273 0000001A         
  275 0000001A         GPIOA_Handler
                               PROC
  276 0000001A                 EXPORT           GPIOA_Handler [WEAK]
  277 0000001A E7FE            B                .
  278 0000001C                 ENDP
  279 0000001C         
  281 0000001C         GPIOB_Handler
                               PROC
  282 0000001C                 EXPORT           GPIOB_Handler [WEAK]
  283 0000001C E7FE            B                .
  284 0000001E                 ENDP
  285 0000001E         
  287 0000001E         GPIOC_Handler
                               PROC
  288 0000001E                 EXPORT           GPIOC_Handler [WEAK]
  289 0000001E E7FE            B                .
  290 00000020                 ENDP
  291 00000020         
  293 00000020         GPIOD_Handler
                               PROC
  294 00000020                 EXPORT           GPIOD_Handler [WEAK]
  295 00000020 E7FE            B                .
  296 00000022                 ENDP



ARM Macro Assembler    Page 9 


  297 00000022         
  299 00000022         GPIOE_Handler
                               PROC
  300 00000022                 EXPORT           GPIOE_Handler [WEAK]
  301 00000022 E7FE            B                .
  302 00000024                 ENDP
  303 00000024         
  305 00000024         UART0_Handler
                               PROC
  306 00000024                 EXPORT           UART0_Handler [WEAK]
  307 00000024 E7FE            B                .
  308 00000026                 ENDP
  309 00000026         
  311 00000026         UART1_Handler
                               PROC
  312 00000026                 EXPORT           UART1_Handler [WEAK]
  313 00000026 E7FE            B                .
  314 00000028                 ENDP
  315 00000028         
  317 00000028         SSI0_Handler
                               PROC
  318 00000028                 EXPORT           SSI0_Handler [WEAK]
  319 00000028 E7FE            B                .
  320 0000002A                 ENDP
  321 0000002A         
  323 0000002A         I2C0_Handler
                               PROC
  324 0000002A                 EXPORT           I2C0_Handler [WEAK]
  325 0000002A E7FE            B                .
  326 0000002C                 ENDP
  327 0000002C         
  329 0000002C         PMW0_FAULT_Handler
                               PROC
  330 0000002C                 EXPORT           PMW0_FAULT_Handler [WEAK]
  331 0000002C E7FE            B                .
  332 0000002E                 ENDP
  333 0000002E         
  335 0000002E         PWM0_0_Handler
                               PROC
  336 0000002E                 EXPORT           PWM0_0_Handler [WEAK]
  337 0000002E E7FE            B                .
  338 00000030                 ENDP
  339 00000030         
  341 00000030         PWM0_1_Handler
                               PROC
  342 00000030                 EXPORT           PWM0_1_Handler [WEAK]
  343 00000030 E7FE            B                .
  344 00000032                 ENDP
  345 00000032         
  347 00000032         PWM0_2_Handler
                               PROC
  348 00000032                 EXPORT           PWM0_2_Handler [WEAK]
  349 00000032 E7FE            B                .
  350 00000034                 ENDP
  351 00000034         
  353 00000034         QEI0_Handler
                               PROC
  354 00000034                 EXPORT           QEI0_Handler [WEAK]
  355 00000034 E7FE            B                .



ARM Macro Assembler    Page 10 


  356 00000036                 ENDP
  357 00000036         
  359 00000036         ADC0SS0_Handler
                               PROC
  360 00000036                 EXPORT           ADC0SS0_Handler [WEAK]
  361 00000036 E7FE            B                .
  362 00000038                 ENDP
  363 00000038         
  365 00000038         ADC0SS1_Handler
                               PROC
  366 00000038                 EXPORT           ADC0SS1_Handler [WEAK]
  367 00000038 E7FE            B                .
  368 0000003A                 ENDP
  369 0000003A         
  371 0000003A         ADC0SS2_Handler
                               PROC
  372 0000003A                 EXPORT           ADC0SS2_Handler [WEAK]
  373 0000003A E7FE            B                .
  374 0000003C                 ENDP
  375 0000003C         
  377 0000003C         ADC0SS3_Handler
                               PROC
  378 0000003C                 EXPORT           ADC0SS3_Handler [WEAK]
  379 0000003C E7FE            B                .
  380 0000003E                 ENDP
  381 0000003E         
  383 0000003E         WDT0_Handler
                               PROC
  384 0000003E                 EXPORT           WDT0_Handler [WEAK]
  385 0000003E E7FE            B                .
  386 00000040                 ENDP
  387 00000040         
  389 00000040         TIMER0A_Handler
                               PROC
  390 00000040                 EXPORT           TIMER0A_Handler [WEAK]
  391 00000040 E7FE            B                .
  392 00000042                 ENDP
  393 00000042         
  395 00000042         TIMER0B_Handler
                               PROC
  396 00000042                 EXPORT           TIMER0B_Handler [WEAK]
  397 00000042 E7FE            B                .
  398 00000044                 ENDP
  399 00000044         
  401 00000044         TIMER1A_Handler
                               PROC
  402 00000044                 EXPORT           TIMER1A_Handler [WEAK]
  403 00000044 E7FE            B                .
  404 00000046                 ENDP
  405 00000046         
  407 00000046         TIMER1B_Handler
                               PROC
  408 00000046                 EXPORT           TIMER1B_Handler [WEAK]
  409 00000046 E7FE            B                .
  410 00000048                 ENDP
  411 00000048         
  413 00000048         TIMER2A_Handler
                               PROC
  414 00000048                 EXPORT           TIMER2A_Handler [WEAK]



ARM Macro Assembler    Page 11 


  415 00000048 E7FE            B                .
  416 0000004A                 ENDP
  417 0000004A         
  419 0000004A         TIMER2B_Handler
                               PROC
  420 0000004A                 EXPORT           TIMER2B_Handler [WEAK]
  421 0000004A E7FE            B                .
  422 0000004C                 ENDP
  423 0000004C         
  425 0000004C         COMP0_Handler
                               PROC
  426 0000004C                 EXPORT           COMP0_Handler [WEAK]
  427 0000004C E7FE            B                .
  428 0000004E                 ENDP
  429 0000004E         
  431 0000004E         COMP1_Handler
                               PROC
  432 0000004E                 EXPORT           COMP1_Handler [WEAK]
  433 0000004E E7FE            B                .
  434 00000050                 ENDP
  435 00000050         
  437 00000050         COMP2_Handler
                               PROC
  438 00000050                 EXPORT           COMP2_Handler [WEAK]
  439 00000050 E7FE            B                .
  440 00000052                 ENDP
  441 00000052         
  443 00000052         SYSCTL_Handler
                               PROC
  444 00000052                 EXPORT           SYSCTL_Handler [WEAK]
  445 00000052 E7FE            B                .
  446 00000054                 ENDP
  447 00000054         
  449 00000054         FLASH_Handler
                               PROC
  450 00000054                 EXPORT           FLASH_Handler [WEAK]
  451 00000054 E7FE            B                .
  452 00000056                 ENDP
  453 00000056         
  455 00000056         GPIOF_Handler
                               PROC
  456 00000056                 EXPORT           GPIOF_Handler [WEAK]
  457 00000056 E7FE            B                .
  458 00000058                 ENDP
  459 00000058         
  461 00000058         GPIOG_Handler
                               PROC
  462 00000058                 EXPORT           GPIOG_Handler [WEAK]
  463 00000058 E7FE            B                .
  464 0000005A                 ENDP
  465 0000005A         
  467 0000005A         GPIOH_Handler
                               PROC
  468 0000005A                 EXPORT           GPIOH_Handler [WEAK]
  469 0000005A E7FE            B                .
  470 0000005C                 ENDP
  471 0000005C         
  473 0000005C         UART2_Handler
                               PROC



ARM Macro Assembler    Page 12 


  474 0000005C                 EXPORT           UART2_Handler [WEAK]
  475 0000005C E7FE            B                .
  476 0000005E                 ENDP
  477 0000005E         
  479 0000005E         SSI1_Handler
                               PROC
  480 0000005E                 EXPORT           SSI1_Handler [WEAK]
  481 0000005E E7FE            B                .
  482 00000060                 ENDP
  483 00000060         
  485 00000060         TIMER3A_Handler
                               PROC
  486 00000060                 EXPORT           TIMER3A_Handler [WEAK]
  487 00000060 E7FE            B                .
  488 00000062                 ENDP
  489 00000062         
  491 00000062         TIMER3B_Handler
                               PROC
  492 00000062                 EXPORT           TIMER3B_Handler [WEAK]
  493 00000062 E7FE            B                .
  494 00000064                 ENDP
  495 00000064         
  497 00000064         I2C1_Handler
                               PROC
  498 00000064                 EXPORT           I2C1_Handler [WEAK]
  499 00000064 E7FE            B                .
  500 00000066                 ENDP
  501 00000066         
  503 00000066         QEI1_Handler
                               PROC
  504 00000066                 EXPORT           QEI1_Handler [WEAK]
  505 00000066 E7FE            B                .
  506 00000068                 ENDP
  507 00000068         
  509 00000068         CAN0_Handler
                               PROC
  510 00000068                 EXPORT           CAN0_Handler [WEAK]
  511 00000068 E7FE            B                .
  512 0000006A                 ENDP
  513 0000006A         
  515 0000006A         CAN1_Handler
                               PROC
  516 0000006A                 EXPORT           CAN1_Handler [WEAK]
  517 0000006A E7FE            B                .
  518 0000006C                 ENDP
  519 0000006C         
  521 0000006C         CAN2_Handler
                               PROC
  522 0000006C                 EXPORT           CAN2_Handler [WEAK]
  523 0000006C E7FE            B                .
  524 0000006E                 ENDP
  525 0000006E         
  527 0000006E         HIB_Handler
                               PROC
  528 0000006E                 EXPORT           HIB_Handler [WEAK]
  529 0000006E E7FE            B                .
  530 00000070                 ENDP
  531 00000070         
  533 00000070         USB0_Handler



ARM Macro Assembler    Page 13 


                               PROC
  534 00000070                 EXPORT           USB0_Handler [WEAK]
  535 00000070 E7FE            B                .
  536 00000072                 ENDP
  537 00000072         
  539 00000072         PWM0_3_Handler
                               PROC
  540 00000072                 EXPORT           PWM0_3_Handler [WEAK]
  541 00000072 E7FE            B                .
  542 00000074                 ENDP
  543 00000074         
  545 00000074         UDMA_Handler
                               PROC
  546 00000074                 EXPORT           UDMA_Handler [WEAK]
  547 00000074 E7FE            B                .
  548 00000076                 ENDP
  549 00000076         
  551 00000076         UDMAERR_Handler
                               PROC
  552 00000076                 EXPORT           UDMAERR_Handler [WEAK]
  553 00000076 E7FE            B                .
  554 00000078                 ENDP
  555 00000078         
  557 00000078         ADC1SS0_Handler
                               PROC
  558 00000078                 EXPORT           ADC1SS0_Handler [WEAK]
  559 00000078 E7FE            B                .
  560 0000007A                 ENDP
  561 0000007A         
  563 0000007A         ADC1SS1_Handler
                               PROC
  564 0000007A                 EXPORT           ADC1SS1_Handler [WEAK]
  565 0000007A E7FE            B                .
  566 0000007C                 ENDP
  567 0000007C         
  569 0000007C         ADC1SS2_Handler
                               PROC
  570 0000007C                 EXPORT           ADC1SS2_Handler [WEAK]
  571 0000007C E7FE            B                .
  572 0000007E                 ENDP
  573 0000007E         
  575 0000007E         ADC1SS3_Handler
                               PROC
  576 0000007E                 EXPORT           ADC1SS3_Handler [WEAK]
  577 0000007E E7FE            B                .
  578 00000080                 ENDP
  579 00000080         
  581 00000080         GPIOJ_Handler
                               PROC
  582 00000080                 EXPORT           GPIOJ_Handler [WEAK]
  583 00000080 E7FE            B                .
  584 00000082                 ENDP
  585 00000082         
  587 00000082         GPIOK_Handler
                               PROC
  588 00000082                 EXPORT           GPIOK_Handler [WEAK]
  589 00000082 E7FE            B                .
  590 00000084                 ENDP
  591 00000084         



ARM Macro Assembler    Page 14 


  593 00000084         GPIOL_Handler
                               PROC
  594 00000084                 EXPORT           GPIOL_Handler [WEAK]
  595 00000084 E7FE            B                .
  596 00000086                 ENDP
  597 00000086         
  599 00000086         SSI2_Handler
                               PROC
  600 00000086                 EXPORT           SSI2_Handler [WEAK]
  601 00000086 E7FE            B                .
  602 00000088                 ENDP
  603 00000088         
  605 00000088         SSI3_Handler
                               PROC
  606 00000088                 EXPORT           SSI3_Handler [WEAK]
  607 00000088 E7FE            B                .
  608 0000008A                 ENDP
  609 0000008A         
  611 0000008A         UART3_Handler
                               PROC
  612 0000008A                 EXPORT           UART3_Handler [WEAK]
  613 0000008A E7FE            B                .
  614 0000008C                 ENDP
  615 0000008C         
  617 0000008C         UART4_Handler
                               PROC
  618 0000008C                 EXPORT           UART4_Handler [WEAK]
  619 0000008C E7FE            B                .
  620 0000008E                 ENDP
  621 0000008E         
  623 0000008E         UART5_Handler
                               PROC
  624 0000008E                 EXPORT           UART5_Handler [WEAK]
  625 0000008E E7FE            B                .
  626 00000090                 ENDP
  627 00000090         
  629 00000090         UART6_Handler
                               PROC
  630 00000090                 EXPORT           UART6_Handler [WEAK]
  631 00000090 E7FE            B                .
  632 00000092                 ENDP
  633 00000092         
  635 00000092         UART7_Handler
                               PROC
  636 00000092                 EXPORT           UART7_Handler [WEAK]
  637 00000092 E7FE            B                .
  638 00000094                 ENDP
  639 00000094         
  641 00000094         I2C2_Handler
                               PROC
  642 00000094                 EXPORT           I2C2_Handler [WEAK]
  643 00000094 E7FE            B                .
  644 00000096                 ENDP
  645 00000096         
  647 00000096         I2C3_Handler
                               PROC
  648 00000096                 EXPORT           I2C3_Handler [WEAK]
  649 00000096 E7FE            B                .
  650 00000098                 ENDP



ARM Macro Assembler    Page 15 


  651 00000098         
  653 00000098         TIMER4A_Handler
                               PROC
  654 00000098                 EXPORT           TIMER4A_Handler [WEAK]
  655 00000098 E7FE            B                .
  656 0000009A                 ENDP
  657 0000009A         
  659 0000009A         TIMER4B_Handler
                               PROC
  660 0000009A                 EXPORT           TIMER4B_Handler [WEAK]
  661 0000009A E7FE            B                .
  662 0000009C                 ENDP
  663 0000009C         
  665 0000009C         TIMER5A_Handler
                               PROC
  666 0000009C                 EXPORT           TIMER5A_Handler [WEAK]
  667 0000009C E7FE            B                .
  668 0000009E                 ENDP
  669 0000009E         
  671 0000009E         TIMER5B_Handler
                               PROC
  672 0000009E                 EXPORT           TIMER5B_Handler [WEAK]
  673 0000009E E7FE            B                .
  674 000000A0                 ENDP
  675 000000A0         
  677 000000A0         WTIMER0A_Handler
                               PROC
  678 000000A0                 EXPORT           WTIMER0A_Handler [WEAK]
  679 000000A0 E7FE            B                .
  680 000000A2                 ENDP
  681 000000A2         
  683 000000A2         WTIMER0B_Handler
                               PROC
  684 000000A2                 EXPORT           WTIMER0B_Handler [WEAK]
  685 000000A2 E7FE            B                .
  686 000000A4                 ENDP
  687 000000A4         
  689 000000A4         WTIMER1A_Handler
                               PROC
  690 000000A4                 EXPORT           WTIMER1A_Handler [WEAK]
  691 000000A4 E7FE            B                .
  692 000000A6                 ENDP
  693 000000A6         
  695 000000A6         WTIMER1B_Handler
                               PROC
  696 000000A6                 EXPORT           WTIMER1B_Handler [WEAK]
  697 000000A6 E7FE            B                .
  698 000000A8                 ENDP
  699 000000A8         
  701 000000A8         WTIMER2A_Handler
                               PROC
  702 000000A8                 EXPORT           WTIMER2A_Handler [WEAK]
  703 000000A8 E7FE            B                .
  704 000000AA                 ENDP
  705 000000AA         
  707 000000AA         WTIMER2B_Handler
                               PROC
  708 000000AA                 EXPORT           WTIMER2B_Handler [WEAK]
  709 000000AA E7FE            B                .



ARM Macro Assembler    Page 16 


  710 000000AC                 ENDP
  711 000000AC         
  713 000000AC         WTIMER3A_Handler
                               PROC
  714 000000AC                 EXPORT           WTIMER3A_Handler [WEAK]
  715 000000AC E7FE            B                .
  716 000000AE                 ENDP
  717 000000AE         
  719 000000AE         WTIMER3B_Handler
                               PROC
  720 000000AE                 EXPORT           WTIMER3B_Handler [WEAK]
  721 000000AE E7FE            B                .
  722 000000B0                 ENDP
  723 000000B0         
  725 000000B0         WTIMER4A_Handler
                               PROC
  726 000000B0                 EXPORT           WTIMER4A_Handler [WEAK]
  727 000000B0 E7FE            B                .
  728 000000B2                 ENDP
  729 000000B2         
  731 000000B2         WTIMER4B_Handler
                               PROC
  732 000000B2                 EXPORT           WTIMER4B_Handler [WEAK]
  733 000000B2 E7FE            B                .
  734 000000B4                 ENDP
  735 000000B4         
  737 000000B4         WTIMER5A_Handler
                               PROC
  738 000000B4                 EXPORT           WTIMER5A_Handler [WEAK]
  739 000000B4 E7FE            B                .
  740 000000B6                 ENDP
  741 000000B6         
  743 000000B6         WTIMER5B_Handler
                               PROC
  744 000000B6                 EXPORT           WTIMER5B_Handler [WEAK]
  745 000000B6 E7FE            B                .
  746 000000B8                 ENDP
  747 000000B8         
  749 000000B8         FPU_Handler
                               PROC
  750 000000B8                 EXPORT           FPU_Handler [WEAK]
  751 000000B8 E7FE            B                .
  752 000000BA                 ENDP
  753 000000BA         
  755 000000BA         I2C4_Handler
                               PROC
  756 000000BA                 EXPORT           I2C4_Handler [WEAK]
  757 000000BA E7FE            B                .
  758 000000BC                 ENDP
  759 000000BC         
  761 000000BC         I2C5_Handler
                               PROC
  762 000000BC                 EXPORT           I2C5_Handler [WEAK]
  763 000000BC E7FE            B                .
  764 000000BE                 ENDP
  765 000000BE         
  767 000000BE         GPIOM_Handler
                               PROC
  768 000000BE                 EXPORT           GPIOM_Handler [WEAK]



ARM Macro Assembler    Page 17 


  769 000000BE E7FE            B                .
  770 000000C0                 ENDP
  771 000000C0         
  773 000000C0         GPION_Handler
                               PROC
  774 000000C0                 EXPORT           GPION_Handler [WEAK]
  775 000000C0 E7FE            B                .
  776 000000C2                 ENDP
  777 000000C2         
  779 000000C2         QEI2_Handler
                               PROC
  780 000000C2                 EXPORT           QEI2_Handler [WEAK]
  781 000000C2 E7FE            B                .
  782 000000C4                 ENDP
  783 000000C4         
  785 000000C4         GPIOP0_Handler
                               PROC
  786 000000C4                 EXPORT           GPIOP0_Handler [WEAK]
  787 000000C4 E7FE            B                .
  788 000000C6                 ENDP
  789 000000C6         
  791 000000C6         GPIOP1_Handler
                               PROC
  792 000000C6                 EXPORT           GPIOP1_Handler [WEAK]
  793 000000C6 E7FE            B                .
  794 000000C8                 ENDP
  795 000000C8         
  797 000000C8         GPIOP2_Handler
                               PROC
  798 000000C8                 EXPORT           GPIOP2_Handler [WEAK]
  799 000000C8 E7FE            B                .
  800 000000CA                 ENDP
  801 000000CA         
  803 000000CA         GPIOP3_Handler
                               PROC
  804 000000CA                 EXPORT           GPIOP3_Handler [WEAK]
  805 000000CA E7FE            B                .
  806 000000CC                 ENDP
  807 000000CC         
  809 000000CC         GPIOP4_Handler
                               PROC
  810 000000CC                 EXPORT           GPIOP4_Handler [WEAK]
  811 000000CC E7FE            B                .
  812 000000CE                 ENDP
  813 000000CE         
  815 000000CE         GPIOP5_Handler
                               PROC
  816 000000CE                 EXPORT           GPIOP5_Handler [WEAK]
  817 000000CE E7FE            B                .
  818 000000D0                 ENDP
  819 000000D0         
  821 000000D0         GPIOP6_Handler
                               PROC
  822 000000D0                 EXPORT           GPIOP6_Handler [WEAK]
  823 000000D0 E7FE            B                .
  824 000000D2                 ENDP
  825 000000D2         
  827 000000D2         GPIOP7_Handler
                               PROC



ARM Macro Assembler    Page 18 


  828 000000D2                 EXPORT           GPIOP7_Handler [WEAK]
  829 000000D2 E7FE            B                .
  830 000000D4                 ENDP
  831 000000D4         
  833 000000D4         GPIOQ0_Handler
                               PROC
  834 000000D4                 EXPORT           GPIOQ0_Handler [WEAK]
  835 000000D4 E7FE            B                .
  836 000000D6                 ENDP
  837 000000D6         
  839 000000D6         GPIOQ1_Handler
                               PROC
  840 000000D6                 EXPORT           GPIOQ1_Handler [WEAK]
  841 000000D6 E7FE            B                .
  842 000000D8                 ENDP
  843 000000D8         
  845 000000D8         GPIOQ2_Handler
                               PROC
  846 000000D8                 EXPORT           GPIOQ2_Handler [WEAK]
  847 000000D8 E7FE            B                .
  848 000000DA                 ENDP
  849 000000DA         
  851 000000DA         GPIOQ3_Handler
                               PROC
  852 000000DA                 EXPORT           GPIOQ3_Handler [WEAK]
  853 000000DA E7FE            B                .
  854 000000DC                 ENDP
  855 000000DC         
  857 000000DC         GPIOQ4_Handler
                               PROC
  858 000000DC                 EXPORT           GPIOQ4_Handler [WEAK]
  859 000000DC E7FE            B                .
  860 000000DE                 ENDP
  861 000000DE         
  863 000000DE         GPIOQ5_Handler
                               PROC
  864 000000DE                 EXPORT           GPIOQ5_Handler [WEAK]
  865 000000DE E7FE            B                .
  866 000000E0                 ENDP
  867 000000E0         
  869 000000E0         GPIOQ6_Handler
                               PROC
  870 000000E0                 EXPORT           GPIOQ6_Handler [WEAK]
  871 000000E0 E7FE            B                .
  872 000000E2                 ENDP
  873 000000E2         
  875 000000E2         GPIOQ7_Handler
                               PROC
  876 000000E2                 EXPORT           GPIOQ7_Handler [WEAK]
  877 000000E2 E7FE            B                .
  878 000000E4                 ENDP
  879 000000E4         
  881 000000E4         GPIOR_Handler
                               PROC
  882 000000E4                 EXPORT           GPIOR_Handler [WEAK]
  883 000000E4 E7FE            B                .
  884 000000E6                 ENDP
  885 000000E6         
  887 000000E6         GPIOS_Handler



ARM Macro Assembler    Page 19 


                               PROC
  888 000000E6                 EXPORT           GPIOS_Handler [WEAK]
  889 000000E6 E7FE            B                .
  890 000000E8                 ENDP
  891 000000E8         
  893 000000E8         PMW1_0_Handler
                               PROC
  894 000000E8                 EXPORT           PMW1_0_Handler [WEAK]
  895 000000E8 E7FE            B                .
  896 000000EA                 ENDP
  897 000000EA         
  899 000000EA         PWM1_1_Handler
                               PROC
  900 000000EA                 EXPORT           PWM1_1_Handler [WEAK]
  901 000000EA E7FE            B                .
  902 000000EC                 ENDP
  903 000000EC         
  905 000000EC         PWM1_2_Handler
                               PROC
  906 000000EC                 EXPORT           PWM1_2_Handler [WEAK]
  907 000000EC E7FE            B                .
  908 000000EE                 ENDP
  909 000000EE         
  911 000000EE         PWM1_3_Handler
                               PROC
  912 000000EE                 EXPORT           PWM1_3_Handler [WEAK]
  913 000000EE E7FE            B                .
  914 000000F0                 ENDP
  915 000000F0         
  917 000000F0         PWM1_FAULT_Handler
                               PROC
  918 000000F0                 EXPORT           PWM1_FAULT_Handler [WEAK]
  919 000000F0 E7FE            B                .
  920 000000F2                 ENDP
  921 000000F2         
  922 000000F2 00 00           ALIGN
  923 000000F4                 END
              00000000 
              00000000 
Command Line: --debug --xref --diag_suppress=9931 --cpu=Cortex-M4.fp --apcs=int
erwork --depend=.\startup.d -o.\startup.o -I"C:\Users\Krzysztof Koch\Documents\
KrisRTOS\RTE" -IC:\Keil_v5\ARM\PACK\Keil\TM4C_DFP\1.1.0\Device\Include\TM4C123 
-IC:\Keil_v5\ARM\CMSIS\Include --predefine="__EVAL SETA 1" --predefine="__UVISI
ON_VERSION SETA 520" --predefine="TM4C123GH6PM SETA 1" --list=.\startup.lst sta
rtup.s



ARM Macro Assembler    Page 1 Alphabetic symbol ordering
Relocatable symbols

STACK 00000000

Symbol: STACK
   Definitions
      At line 20 in file startup.s
   Uses
      None
Comment: STACK unused
Stack_Mem 00000000

Symbol: Stack_Mem
   Definitions
      At line 21 in file startup.s
   Uses
      None
Comment: Stack_Mem unused
__initial_sp 00000200

Symbol: __initial_sp
   Definitions
      At line 22 in file startup.s
   Uses
      At line 49 in file startup.s
Comment: __initial_sp used once
3 symbols



ARM Macro Assembler    Page 1 Alphabetic symbol ordering
Relocatable symbols

HEAP 00000000

Symbol: HEAP
   Definitions
      At line 32 in file startup.s
   Uses
      None
Comment: HEAP unused
Heap_Mem 00000000

Symbol: Heap_Mem
   Definitions
      At line 34 in file startup.s
   Uses
      None
Comment: Heap_Mem unused
__heap_base 00000000

Symbol: __heap_base
   Definitions
      At line 33 in file startup.s
   Uses
      None
Comment: __heap_base unused
__heap_limit 00000200

Symbol: __heap_limit
   Definitions
      At line 35 in file startup.s
   Uses
      None
Comment: __heap_limit unused
4 symbols



ARM Macro Assembler    Page 1 Alphabetic symbol ordering
Relocatable symbols

RESET 00000000

Symbol: RESET
   Definitions
      At line 45 in file startup.s
   Uses
      None
Comment: RESET unused
__Vectors 00000000

Symbol: __Vectors
   Definitions
      At line 49 in file startup.s
   Uses
      At line 48 in file startup.s
Comment: __Vectors used once
2 symbols



ARM Macro Assembler    Page 1 Alphabetic symbol ordering
Relocatable symbols

.text 00000000

Symbol: .text
   Definitions
      At line 213 in file startup.s
   Uses
      None
Comment: .text unused
ADC0SS0_Handler 00000036

Symbol: ADC0SS0_Handler
   Definitions
      At line 359 in file startup.s
   Uses
      At line 81 in file startup.s
      At line 360 in file startup.s

ADC0SS1_Handler 00000038

Symbol: ADC0SS1_Handler
   Definitions
      At line 365 in file startup.s
   Uses
      At line 82 in file startup.s
      At line 366 in file startup.s

ADC0SS2_Handler 0000003A

Symbol: ADC0SS2_Handler
   Definitions
      At line 371 in file startup.s
   Uses
      At line 83 in file startup.s
      At line 372 in file startup.s

ADC0SS3_Handler 0000003C

Symbol: ADC0SS3_Handler
   Definitions
      At line 377 in file startup.s
   Uses
      At line 84 in file startup.s
      At line 378 in file startup.s

ADC1SS0_Handler 00000078

Symbol: ADC1SS0_Handler
   Definitions
      At line 557 in file startup.s
   Uses
      At line 115 in file startup.s
      At line 558 in file startup.s

ADC1SS1_Handler 0000007A

Symbol: ADC1SS1_Handler
   Definitions
      At line 563 in file startup.s
   Uses



ARM Macro Assembler    Page 2 Alphabetic symbol ordering
Relocatable symbols

      At line 116 in file startup.s
      At line 564 in file startup.s

ADC1SS2_Handler 0000007C

Symbol: ADC1SS2_Handler
   Definitions
      At line 569 in file startup.s
   Uses
      At line 117 in file startup.s
      At line 570 in file startup.s

ADC1SS3_Handler 0000007E

Symbol: ADC1SS3_Handler
   Definitions
      At line 575 in file startup.s
   Uses
      At line 118 in file startup.s
      At line 576 in file startup.s

BusFault_Handler 0000000E

Symbol: BusFault_Handler
   Definitions
      At line 245 in file startup.s
   Uses
      At line 54 in file startup.s
      At line 246 in file startup.s

CAN0_Handler 00000068

Symbol: CAN0_Handler
   Definitions
      At line 509 in file startup.s
   Uses
      At line 106 in file startup.s
      At line 510 in file startup.s

CAN1_Handler 0000006A

Symbol: CAN1_Handler
   Definitions
      At line 515 in file startup.s
   Uses
      At line 107 in file startup.s
      At line 516 in file startup.s

CAN2_Handler 0000006C

Symbol: CAN2_Handler
   Definitions
      At line 521 in file startup.s
   Uses
      At line 108 in file startup.s
      At line 522 in file startup.s

COMP0_Handler 0000004C




ARM Macro Assembler    Page 3 Alphabetic symbol ordering
Relocatable symbols

Symbol: COMP0_Handler
   Definitions
      At line 425 in file startup.s
   Uses
      At line 92 in file startup.s
      At line 426 in file startup.s

COMP1_Handler 0000004E

Symbol: COMP1_Handler
   Definitions
      At line 431 in file startup.s
   Uses
      At line 93 in file startup.s
      At line 432 in file startup.s

COMP2_Handler 00000050

Symbol: COMP2_Handler
   Definitions
      At line 437 in file startup.s
   Uses
      At line 94 in file startup.s
      At line 438 in file startup.s

DebugMon_Handler 00000014

Symbol: DebugMon_Handler
   Definitions
      At line 259 in file startup.s
   Uses
      At line 61 in file startup.s
      At line 260 in file startup.s

FLASH_Handler 00000054

Symbol: FLASH_Handler
   Definitions
      At line 449 in file startup.s
   Uses
      At line 96 in file startup.s
      At line 450 in file startup.s

FPU_Handler 000000B8

Symbol: FPU_Handler
   Definitions
      At line 749 in file startup.s
   Uses
      At line 173 in file startup.s
      At line 750 in file startup.s

GPIOA_Handler 0000001A

Symbol: GPIOA_Handler
   Definitions
      At line 275 in file startup.s
   Uses
      At line 67 in file startup.s



ARM Macro Assembler    Page 4 Alphabetic symbol ordering
Relocatable symbols

      At line 276 in file startup.s

GPIOB_Handler 0000001C

Symbol: GPIOB_Handler
   Definitions
      At line 281 in file startup.s
   Uses
      At line 68 in file startup.s
      At line 282 in file startup.s

GPIOC_Handler 0000001E

Symbol: GPIOC_Handler
   Definitions
      At line 287 in file startup.s
   Uses
      At line 69 in file startup.s
      At line 288 in file startup.s

GPIOD_Handler 00000020

Symbol: GPIOD_Handler
   Definitions
      At line 293 in file startup.s
   Uses
      At line 70 in file startup.s
      At line 294 in file startup.s

GPIOE_Handler 00000022

Symbol: GPIOE_Handler
   Definitions
      At line 299 in file startup.s
   Uses
      At line 71 in file startup.s
      At line 300 in file startup.s

GPIOF_Handler 00000056

Symbol: GPIOF_Handler
   Definitions
      At line 455 in file startup.s
   Uses
      At line 97 in file startup.s
      At line 456 in file startup.s

GPIOG_Handler 00000058

Symbol: GPIOG_Handler
   Definitions
      At line 461 in file startup.s
   Uses
      At line 98 in file startup.s
      At line 462 in file startup.s

GPIOH_Handler 0000005A

Symbol: GPIOH_Handler



ARM Macro Assembler    Page 5 Alphabetic symbol ordering
Relocatable symbols

   Definitions
      At line 467 in file startup.s
   Uses
      At line 99 in file startup.s
      At line 468 in file startup.s

GPIOJ_Handler 00000080

Symbol: GPIOJ_Handler
   Definitions
      At line 581 in file startup.s
   Uses
      At line 121 in file startup.s
      At line 582 in file startup.s

GPIOK_Handler 00000082

Symbol: GPIOK_Handler
   Definitions
      At line 587 in file startup.s
   Uses
      At line 122 in file startup.s
      At line 588 in file startup.s

GPIOL_Handler 00000084

Symbol: GPIOL_Handler
   Definitions
      At line 593 in file startup.s
   Uses
      At line 123 in file startup.s
      At line 594 in file startup.s

GPIOM_Handler 000000BE

Symbol: GPIOM_Handler
   Definitions
      At line 767 in file startup.s
   Uses
      At line 178 in file startup.s
      At line 768 in file startup.s

GPION_Handler 000000C0

Symbol: GPION_Handler
   Definitions
      At line 773 in file startup.s
   Uses
      At line 179 in file startup.s
      At line 774 in file startup.s

GPIOP0_Handler 000000C4

Symbol: GPIOP0_Handler
   Definitions
      At line 785 in file startup.s
   Uses
      At line 183 in file startup.s
      At line 786 in file startup.s



ARM Macro Assembler    Page 6 Alphabetic symbol ordering
Relocatable symbols


GPIOP1_Handler 000000C6

Symbol: GPIOP1_Handler
   Definitions
      At line 791 in file startup.s
   Uses
      At line 184 in file startup.s
      At line 792 in file startup.s

GPIOP2_Handler 000000C8

Symbol: GPIOP2_Handler
   Definitions
      At line 797 in file startup.s
   Uses
      At line 185 in file startup.s
      At line 798 in file startup.s

GPIOP3_Handler 000000CA

Symbol: GPIOP3_Handler
   Definitions
      At line 803 in file startup.s
   Uses
      At line 186 in file startup.s
      At line 804 in file startup.s

GPIOP4_Handler 000000CC

Symbol: GPIOP4_Handler
   Definitions
      At line 809 in file startup.s
   Uses
      At line 187 in file startup.s
      At line 810 in file startup.s

GPIOP5_Handler 000000CE

Symbol: GPIOP5_Handler
   Definitions
      At line 815 in file startup.s
   Uses
      At line 188 in file startup.s
      At line 816 in file startup.s

GPIOP6_Handler 000000D0

Symbol: GPIOP6_Handler
   Definitions
      At line 821 in file startup.s
   Uses
      At line 189 in file startup.s
      At line 822 in file startup.s

GPIOP7_Handler 000000D2

Symbol: GPIOP7_Handler
   Definitions



ARM Macro Assembler    Page 7 Alphabetic symbol ordering
Relocatable symbols

      At line 827 in file startup.s
   Uses
      At line 190 in file startup.s
      At line 828 in file startup.s

GPIOQ0_Handler 000000D4

Symbol: GPIOQ0_Handler
   Definitions
      At line 833 in file startup.s
   Uses
      At line 191 in file startup.s
      At line 834 in file startup.s

GPIOQ1_Handler 000000D6

Symbol: GPIOQ1_Handler
   Definitions
      At line 839 in file startup.s
   Uses
      At line 192 in file startup.s
      At line 840 in file startup.s

GPIOQ2_Handler 000000D8

Symbol: GPIOQ2_Handler
   Definitions
      At line 845 in file startup.s
   Uses
      At line 193 in file startup.s
      At line 846 in file startup.s

GPIOQ3_Handler 000000DA

Symbol: GPIOQ3_Handler
   Definitions
      At line 851 in file startup.s
   Uses
      At line 194 in file startup.s
      At line 852 in file startup.s

GPIOQ4_Handler 000000DC

Symbol: GPIOQ4_Handler
   Definitions
      At line 857 in file startup.s
   Uses
      At line 195 in file startup.s
      At line 858 in file startup.s

GPIOQ5_Handler 000000DE

Symbol: GPIOQ5_Handler
   Definitions
      At line 863 in file startup.s
   Uses
      At line 196 in file startup.s
      At line 864 in file startup.s




ARM Macro Assembler    Page 8 Alphabetic symbol ordering
Relocatable symbols

GPIOQ6_Handler 000000E0

Symbol: GPIOQ6_Handler
   Definitions
      At line 869 in file startup.s
   Uses
      At line 197 in file startup.s
      At line 870 in file startup.s

GPIOQ7_Handler 000000E2

Symbol: GPIOQ7_Handler
   Definitions
      At line 875 in file startup.s
   Uses
      At line 198 in file startup.s
      At line 876 in file startup.s

GPIOR_Handler 000000E4

Symbol: GPIOR_Handler
   Definitions
      At line 881 in file startup.s
   Uses
      At line 199 in file startup.s
      At line 882 in file startup.s

GPIOS_Handler 000000E6

Symbol: GPIOS_Handler
   Definitions
      At line 887 in file startup.s
   Uses
      At line 200 in file startup.s
      At line 888 in file startup.s

HIB_Handler 0000006E

Symbol: HIB_Handler
   Definitions
      At line 527 in file startup.s
   Uses
      At line 110 in file startup.s
      At line 528 in file startup.s

HardFault_Handler 0000000A

Symbol: HardFault_Handler
   Definitions
      At line 235 in file startup.s
   Uses
      At line 52 in file startup.s
      At line 236 in file startup.s

I2C0_Handler 0000002A

Symbol: I2C0_Handler
   Definitions
      At line 323 in file startup.s



ARM Macro Assembler    Page 9 Alphabetic symbol ordering
Relocatable symbols

   Uses
      At line 75 in file startup.s
      At line 324 in file startup.s

I2C1_Handler 00000064

Symbol: I2C1_Handler
   Definitions
      At line 497 in file startup.s
   Uses
      At line 104 in file startup.s
      At line 498 in file startup.s

I2C2_Handler 00000094

Symbol: I2C2_Handler
   Definitions
      At line 641 in file startup.s
   Uses
      At line 135 in file startup.s
      At line 642 in file startup.s

I2C3_Handler 00000096

Symbol: I2C3_Handler
   Definitions
      At line 647 in file startup.s
   Uses
      At line 136 in file startup.s
      At line 648 in file startup.s

I2C4_Handler 000000BA

Symbol: I2C4_Handler
   Definitions
      At line 755 in file startup.s
   Uses
      At line 176 in file startup.s
      At line 756 in file startup.s

I2C5_Handler 000000BC

Symbol: I2C5_Handler
   Definitions
      At line 761 in file startup.s
   Uses
      At line 177 in file startup.s
      At line 762 in file startup.s

MemManage_Handler 0000000C

Symbol: MemManage_Handler
   Definitions
      At line 240 in file startup.s
   Uses
      At line 53 in file startup.s
      At line 241 in file startup.s

NMI_Handler 00000008



ARM Macro Assembler    Page 10 Alphabetic symbol ordering
Relocatable symbols


Symbol: NMI_Handler
   Definitions
      At line 230 in file startup.s
   Uses
      At line 51 in file startup.s
      At line 231 in file startup.s

PMW0_FAULT_Handler 0000002C

Symbol: PMW0_FAULT_Handler
   Definitions
      At line 329 in file startup.s
   Uses
      At line 76 in file startup.s
      At line 330 in file startup.s

PMW1_0_Handler 000000E8

Symbol: PMW1_0_Handler
   Definitions
      At line 893 in file startup.s
   Uses
      At line 201 in file startup.s
      At line 894 in file startup.s

PWM0_0_Handler 0000002E

Symbol: PWM0_0_Handler
   Definitions
      At line 335 in file startup.s
   Uses
      At line 77 in file startup.s
      At line 336 in file startup.s

PWM0_1_Handler 00000030

Symbol: PWM0_1_Handler
   Definitions
      At line 341 in file startup.s
   Uses
      At line 78 in file startup.s
      At line 342 in file startup.s

PWM0_2_Handler 00000032

Symbol: PWM0_2_Handler
   Definitions
      At line 347 in file startup.s
   Uses
      At line 79 in file startup.s
      At line 348 in file startup.s

PWM0_3_Handler 00000072

Symbol: PWM0_3_Handler
   Definitions
      At line 539 in file startup.s
   Uses



ARM Macro Assembler    Page 11 Alphabetic symbol ordering
Relocatable symbols

      At line 112 in file startup.s
      At line 540 in file startup.s

PWM1_1_Handler 000000EA

Symbol: PWM1_1_Handler
   Definitions
      At line 899 in file startup.s
   Uses
      At line 202 in file startup.s
      At line 900 in file startup.s

PWM1_2_Handler 000000EC

Symbol: PWM1_2_Handler
   Definitions
      At line 905 in file startup.s
   Uses
      At line 203 in file startup.s
      At line 906 in file startup.s

PWM1_3_Handler 000000EE

Symbol: PWM1_3_Handler
   Definitions
      At line 911 in file startup.s
   Uses
      At line 204 in file startup.s
      At line 912 in file startup.s

PWM1_FAULT_Handler 000000F0

Symbol: PWM1_FAULT_Handler
   Definitions
      At line 917 in file startup.s
   Uses
      At line 205 in file startup.s
      At line 918 in file startup.s

PendSV_Handler 00000016

Symbol: PendSV_Handler
   Definitions
      At line 264 in file startup.s
   Uses
      At line 63 in file startup.s
      At line 265 in file startup.s

QEI0_Handler 00000034

Symbol: QEI0_Handler
   Definitions
      At line 353 in file startup.s
   Uses
      At line 80 in file startup.s
      At line 354 in file startup.s

QEI1_Handler 00000066




ARM Macro Assembler    Page 12 Alphabetic symbol ordering
Relocatable symbols

Symbol: QEI1_Handler
   Definitions
      At line 503 in file startup.s
   Uses
      At line 105 in file startup.s
      At line 504 in file startup.s

QEI2_Handler 000000C2

Symbol: QEI2_Handler
   Definitions
      At line 779 in file startup.s
   Uses
      At line 180 in file startup.s
      At line 780 in file startup.s

Reset_Handler 00000000

Symbol: Reset_Handler
   Definitions
      At line 216 in file startup.s
   Uses
      At line 50 in file startup.s
      At line 215 in file startup.s

SSI0_Handler 00000028

Symbol: SSI0_Handler
   Definitions
      At line 317 in file startup.s
   Uses
      At line 74 in file startup.s
      At line 318 in file startup.s

SSI1_Handler 0000005E

Symbol: SSI1_Handler
   Definitions
      At line 479 in file startup.s
   Uses
      At line 101 in file startup.s
      At line 480 in file startup.s

SSI2_Handler 00000086

Symbol: SSI2_Handler
   Definitions
      At line 599 in file startup.s
   Uses
      At line 124 in file startup.s
      At line 600 in file startup.s

SSI3_Handler 00000088

Symbol: SSI3_Handler
   Definitions
      At line 605 in file startup.s
   Uses
      At line 125 in file startup.s



ARM Macro Assembler    Page 13 Alphabetic symbol ordering
Relocatable symbols

      At line 606 in file startup.s

SVC_Handler 00000012

Symbol: SVC_Handler
   Definitions
      At line 254 in file startup.s
   Uses
      At line 60 in file startup.s
      At line 255 in file startup.s

SYSCTL_Handler 00000052

Symbol: SYSCTL_Handler
   Definitions
      At line 443 in file startup.s
   Uses
      At line 95 in file startup.s
      At line 444 in file startup.s

SysTick_Handler 00000018

Symbol: SysTick_Handler
   Definitions
      At line 269 in file startup.s
   Uses
      At line 64 in file startup.s
      At line 270 in file startup.s

TIMER0A_Handler 00000040

Symbol: TIMER0A_Handler
   Definitions
      At line 389 in file startup.s
   Uses
      At line 86 in file startup.s
      At line 390 in file startup.s

TIMER0B_Handler 00000042

Symbol: TIMER0B_Handler
   Definitions
      At line 395 in file startup.s
   Uses
      At line 87 in file startup.s
      At line 396 in file startup.s

TIMER1A_Handler 00000044

Symbol: TIMER1A_Handler
   Definitions
      At line 401 in file startup.s
   Uses
      At line 88 in file startup.s
      At line 402 in file startup.s

TIMER1B_Handler 00000046

Symbol: TIMER1B_Handler



ARM Macro Assembler    Page 14 Alphabetic symbol ordering
Relocatable symbols

   Definitions
      At line 407 in file startup.s
   Uses
      At line 89 in file startup.s
      At line 408 in file startup.s

TIMER2A_Handler 00000048

Symbol: TIMER2A_Handler
   Definitions
      At line 413 in file startup.s
   Uses
      At line 90 in file startup.s
      At line 414 in file startup.s

TIMER2B_Handler 0000004A

Symbol: TIMER2B_Handler
   Definitions
      At line 419 in file startup.s
   Uses
      At line 91 in file startup.s
      At line 420 in file startup.s

TIMER3A_Handler 00000060

Symbol: TIMER3A_Handler
   Definitions
      At line 485 in file startup.s
   Uses
      At line 102 in file startup.s
      At line 486 in file startup.s

TIMER3B_Handler 00000062

Symbol: TIMER3B_Handler
   Definitions
      At line 491 in file startup.s
   Uses
      At line 103 in file startup.s
      At line 492 in file startup.s

TIMER4A_Handler 00000098

Symbol: TIMER4A_Handler
   Definitions
      At line 653 in file startup.s
   Uses
      At line 137 in file startup.s
      At line 654 in file startup.s

TIMER4B_Handler 0000009A

Symbol: TIMER4B_Handler
   Definitions
      At line 659 in file startup.s
   Uses
      At line 138 in file startup.s
      At line 660 in file startup.s



ARM Macro Assembler    Page 15 Alphabetic symbol ordering
Relocatable symbols


TIMER5A_Handler 0000009C

Symbol: TIMER5A_Handler
   Definitions
      At line 665 in file startup.s
   Uses
      At line 159 in file startup.s
      At line 666 in file startup.s

TIMER5B_Handler 0000009E

Symbol: TIMER5B_Handler
   Definitions
      At line 671 in file startup.s
   Uses
      At line 160 in file startup.s
      At line 672 in file startup.s

UART0_Handler 00000024

Symbol: UART0_Handler
   Definitions
      At line 305 in file startup.s
   Uses
      At line 72 in file startup.s
      At line 306 in file startup.s

UART1_Handler 00000026

Symbol: UART1_Handler
   Definitions
      At line 311 in file startup.s
   Uses
      At line 73 in file startup.s
      At line 312 in file startup.s

UART2_Handler 0000005C

Symbol: UART2_Handler
   Definitions
      At line 473 in file startup.s
   Uses
      At line 100 in file startup.s
      At line 474 in file startup.s

UART3_Handler 0000008A

Symbol: UART3_Handler
   Definitions
      At line 611 in file startup.s
   Uses
      At line 126 in file startup.s
      At line 612 in file startup.s

UART4_Handler 0000008C

Symbol: UART4_Handler
   Definitions



ARM Macro Assembler    Page 16 Alphabetic symbol ordering
Relocatable symbols

      At line 617 in file startup.s
   Uses
      At line 127 in file startup.s
      At line 618 in file startup.s

UART5_Handler 0000008E

Symbol: UART5_Handler
   Definitions
      At line 623 in file startup.s
   Uses
      At line 128 in file startup.s
      At line 624 in file startup.s

UART6_Handler 00000090

Symbol: UART6_Handler
   Definitions
      At line 629 in file startup.s
   Uses
      At line 129 in file startup.s
      At line 630 in file startup.s

UART7_Handler 00000092

Symbol: UART7_Handler
   Definitions
      At line 635 in file startup.s
   Uses
      At line 130 in file startup.s
      At line 636 in file startup.s

UDMAERR_Handler 00000076

Symbol: UDMAERR_Handler
   Definitions
      At line 551 in file startup.s
   Uses
      At line 114 in file startup.s
      At line 552 in file startup.s

UDMA_Handler 00000074

Symbol: UDMA_Handler
   Definitions
      At line 545 in file startup.s
   Uses
      At line 113 in file startup.s
      At line 546 in file startup.s

USB0_Handler 00000070

Symbol: USB0_Handler
   Definitions
      At line 533 in file startup.s
   Uses
      At line 111 in file startup.s
      At line 534 in file startup.s




ARM Macro Assembler    Page 17 Alphabetic symbol ordering
Relocatable symbols

UsageFault_Handler 00000010

Symbol: UsageFault_Handler
   Definitions
      At line 250 in file startup.s
   Uses
      At line 55 in file startup.s
      At line 251 in file startup.s

WDT0_Handler 0000003E

Symbol: WDT0_Handler
   Definitions
      At line 383 in file startup.s
   Uses
      At line 85 in file startup.s
      At line 384 in file startup.s

WTIMER0A_Handler 000000A0

Symbol: WTIMER0A_Handler
   Definitions
      At line 677 in file startup.s
   Uses
      At line 161 in file startup.s
      At line 678 in file startup.s

WTIMER0B_Handler 000000A2

Symbol: WTIMER0B_Handler
   Definitions
      At line 683 in file startup.s
   Uses
      At line 162 in file startup.s
      At line 684 in file startup.s

WTIMER1A_Handler 000000A4

Symbol: WTIMER1A_Handler
   Definitions
      At line 689 in file startup.s
   Uses
      At line 163 in file startup.s
      At line 690 in file startup.s

WTIMER1B_Handler 000000A6

Symbol: WTIMER1B_Handler
   Definitions
      At line 695 in file startup.s
   Uses
      At line 164 in file startup.s
      At line 696 in file startup.s

WTIMER2A_Handler 000000A8

Symbol: WTIMER2A_Handler
   Definitions
      At line 701 in file startup.s



ARM Macro Assembler    Page 18 Alphabetic symbol ordering
Relocatable symbols

   Uses
      At line 165 in file startup.s
      At line 702 in file startup.s

WTIMER2B_Handler 000000AA

Symbol: WTIMER2B_Handler
   Definitions
      At line 707 in file startup.s
   Uses
      At line 166 in file startup.s
      At line 708 in file startup.s

WTIMER3A_Handler 000000AC

Symbol: WTIMER3A_Handler
   Definitions
      At line 713 in file startup.s
   Uses
      At line 167 in file startup.s
      At line 714 in file startup.s

WTIMER3B_Handler 000000AE

Symbol: WTIMER3B_Handler
   Definitions
      At line 719 in file startup.s
   Uses
      At line 168 in file startup.s
      At line 720 in file startup.s

WTIMER4A_Handler 000000B0

Symbol: WTIMER4A_Handler
   Definitions
      At line 725 in file startup.s
   Uses
      At line 169 in file startup.s
      At line 726 in file startup.s

WTIMER4B_Handler 000000B2

Symbol: WTIMER4B_Handler
   Definitions
      At line 731 in file startup.s
   Uses
      At line 170 in file startup.s
      At line 732 in file startup.s

WTIMER5A_Handler 000000B4

Symbol: WTIMER5A_Handler
   Definitions
      At line 737 in file startup.s
   Uses
      At line 171 in file startup.s
      At line 738 in file startup.s

WTIMER5B_Handler 000000B6



ARM Macro Assembler    Page 19 Alphabetic symbol ordering
Relocatable symbols


Symbol: WTIMER5B_Handler
   Definitions
      At line 743 in file startup.s
   Uses
      At line 172 in file startup.s
      At line 744 in file startup.s

119 symbols



ARM Macro Assembler    Page 1 Alphabetic symbol ordering
Absolute symbols

Heap_Size 00000200

Symbol: Heap_Size
   Definitions
      At line 29 in file startup.s
   Uses
      At line 34 in file startup.s
Comment: Heap_Size used once
Stack_Size 00000200

Symbol: Stack_Size
   Definitions
      At line 17 in file startup.s
   Uses
      At line 21 in file startup.s
Comment: Stack_Size used once
2 symbols



ARM Macro Assembler    Page 1 Alphabetic symbol ordering
External symbols

SystemInit 00000000

Symbol: SystemInit
   Definitions
      At line 217 in file startup.s
   Uses
      At line 219 in file startup.s
Comment: SystemInit used once
main 00000000

Symbol: main
   Definitions
      At line 218 in file startup.s
   Uses
      At line 221 in file startup.s
Comment: main used once
2 symbols
468 symbols in table
